<?xml version="1.0" encoding="UTF-8"?>
<testng-results skipped="0" failed="1" ignored="0" total="2" passed="1">
  <reporter-output>
  </reporter-output>
  <suite name="Default suite" duration-ms="136212" started-at="2020-08-26T15:50:09Z" finished-at="2020-08-26T15:52:25Z">
    <groups>
    </groups>
    <test name="Default test" duration-ms="136212" started-at="2020-08-26T15:50:09Z" finished-at="2020-08-26T15:52:25Z">
      <class name="com.Pro.Main.LoginPage_code">
        <test-method status="PASS" signature="Details()[pri:0, instance:com.Pro.Main.LoginPage_code@8bd1b6a]" name="Details" is-config="true" duration-ms="12" started-at="2020-08-26T21:20:09Z" finished-at="2020-08-26T21:20:09Z">
          <reporter-output>
          </reporter-output>
        </test-method> <!-- Details -->
        <test-method status="PASS" signature="Login()[pri:0, instance:com.Pro.Main.LoginPage_code@8bd1b6a]" name="Login" duration-ms="36968" started-at="2020-08-26T21:20:09Z" finished-at="2020-08-26T21:20:46Z">
          <reporter-output>
          </reporter-output>
        </test-method> <!-- Login -->
        <test-method status="PASS" signature="App_Browser()[pri:0, instance:com.Pro.Main.LoginPage_code@8bd1b6a]" name="App_Browser" is-config="true" duration-ms="0" started-at="2020-08-26T21:20:09Z" finished-at="2020-08-26T21:20:09Z">
          <reporter-output>
          </reporter-output>
        </test-method> <!-- App_Browser -->
        <test-method status="PASS" signature="browser_close()[pri:0, instance:com.Pro.Main.LoginPage_code@8bd1b6a]" name="browser_close" is-config="true" duration-ms="1" started-at="2020-08-26T21:20:46Z" finished-at="2020-08-26T21:20:46Z">
          <reporter-output>
          </reporter-output>
        </test-method> <!-- browser_close -->
        <test-method status="FAIL" signature="Order()[pri:1, instance:com.Pro.Main.LoginPage_code@8bd1b6a]" name="Order" duration-ms="99193" started-at="2020-08-26T21:20:46Z" finished-at="2020-08-26T21:22:25Z">
          <exception class="java.lang.NullPointerException">
            <full-stacktrace>
              <![CDATA[java.lang.NullPointerException
	at sun.reflect.NativeMethodAccessorImpl.invoke0(Native Method)
	at sun.reflect.NativeMethodAccessorImpl.invoke(NativeMethodAccessorImpl.java:62)
	at sun.reflect.DelegatingMethodAccessorImpl.invoke(DelegatingMethodAccessorImpl.java:43)
	at java.lang.reflect.Method.invoke(Method.java:498)
	at org.openqa.selenium.support.pagefactory.internal.LocatingElementHandler.invoke(LocatingElementHandler.java:51)
	at com.sun.proxy.$Proxy11.click(Unknown Source)
	at com.Pro.Main.LoginPage_code.Order(LoginPage_code.java:59)
	at sun.reflect.NativeMethodAccessorImpl.invoke0(Native Method)
	at sun.reflect.NativeMethodAccessorImpl.invoke(NativeMethodAccessorImpl.java:62)
	at sun.reflect.DelegatingMethodAccessorImpl.invoke(DelegatingMethodAccessorImpl.java:43)
	at java.lang.reflect.Method.invoke(Method.java:498)
	at org.testng.internal.MethodInvocationHelper.invokeMethod(MethodInvocationHelper.java:108)
	at org.testng.internal.Invoker.invokeMethod(Invoker.java:661)
	at org.testng.internal.Invoker.invokeTestMethod(Invoker.java:869)
	at org.testng.internal.Invoker.invokeTestMethods(Invoker.java:1193)
	at org.testng.internal.TestMethodWorker.invokeTestMethods(TestMethodWorker.java:126)
	at org.testng.internal.TestMethodWorker.run(TestMethodWorker.java:109)
	at org.testng.TestRunner.privateRun(TestRunner.java:744)
	at org.testng.TestRunner.run(TestRunner.java:602)
	at org.testng.SuiteRunner.runTest(SuiteRunner.java:380)
	at org.testng.SuiteRunner.runSequentially(SuiteRunner.java:375)
	at org.testng.SuiteRunner.privateRun(SuiteRunner.java:340)
	at org.testng.SuiteRunner.run(SuiteRunner.java:289)
	at org.testng.SuiteRunnerWorker.runSuite(SuiteRunnerWorker.java:52)
	at org.testng.SuiteRunnerWorker.run(SuiteRunnerWorker.java:86)
	at org.testng.TestNG.runSuitesSequentially(TestNG.java:1301)
	at org.testng.TestNG.runSuitesLocally(TestNG.java:1226)
	at org.testng.TestNG.runSuites(TestNG.java:1144)
	at org.testng.TestNG.run(TestNG.java:1115)
	at org.testng.remote.AbstractRemoteTestNG.run(AbstractRemoteTestNG.java:115)
	at org.testng.remote.RemoteTestNG.initAndRun(RemoteTestNG.java:251)
	at org.testng.remote.RemoteTestNG.main(RemoteTestNG.java:77)
]]>
            </full-stacktrace>
          </exception> <!-- java.lang.NullPointerException -->
          <reporter-output>
          </reporter-output>
        </test-method> <!-- Order -->
        <test-method status="PASS" signature="App_Browser()[pri:0, instance:com.Pro.Main.LoginPage_code@8bd1b6a]" name="App_Browser" is-config="true" duration-ms="0" started-at="2020-08-26T21:20:46Z" finished-at="2020-08-26T21:20:46Z">
          <reporter-output>
          </reporter-output>
        </test-method> <!-- App_Browser -->
        <test-method status="PASS" signature="browser_close()[pri:0, instance:com.Pro.Main.LoginPage_code@8bd1b6a]" name="browser_close" is-config="true" duration-ms="1" started-at="2020-08-26T21:22:25Z" finished-at="2020-08-26T21:22:25Z">
          <reporter-output>
          </reporter-output>
        </test-method> <!-- browser_close -->
        <test-method status="PASS" signature="browser_exit()[pri:0, instance:com.Pro.Main.LoginPage_code@8bd1b6a]" name="browser_exit" is-config="true" duration-ms="0" started-at="2020-08-26T21:22:25Z" finished-at="2020-08-26T21:22:25Z">
          <reporter-output>
          </reporter-output>
        </test-method> <!-- browser_exit -->
      </class> <!-- com.Pro.Main.LoginPage_code -->
    </test> <!-- Default test -->
  </suite> <!-- Default suite -->
</testng-results>
